soundBoard/build/outputs/logs/manifest-merger-debug-report.txt
-- Merging decision tree log ---
manifest
ADDED from src\main\AndroidManifest.xml:2:1-86:12
INJECTED from src\main\AndroidManifest.xml:2:1-86:12
INJECTED from src\main\AndroidManifest.xml:2:1-86:12
INJECTED from src\main\AndroidManifest.xml:2:1-86:12
INJECTED from src\main\AndroidManifest.xml:2:1-86:12
INJECTED from src\main\AndroidManifest.xml:2:1-86:12
INJECTED from src\main\AndroidManifest.xml:2:1-86:12
	package
		ADDED from src\main\AndroidManifest.xml:3:5-33
		INJECTED from src\main\AndroidManifest.xml
		INJECTED from src\main\AndroidManifest.xml
	android:versionName
		ADDED from src\main\AndroidManifest.xml:5:5-30
		INJECTED from src\main\AndroidManifest.xml
		INJECTED from src\main\AndroidManifest.xml
	xmlns:android
		ADDED from src\main\AndroidManifest.xml:2:11-69
	android:versionCode
		ADDED from src\main\AndroidManifest.xml:4:5-28
		INJECTED from src\main\AndroidManifest.xml
		INJECTED from src\main\AndroidManifest.xml
uses-permission#android.permission.WRITE_EXTERNAL_STORAGE
ADDED from src\main\AndroidManifest.xml:7:5-81
	android:name
		ADDED from src\main\AndroidManifest.xml:7:22-78
uses-permission#android.permission.INTERNET
ADDED from src\main\AndroidManifest.xml:8:2-63
	android:name
		ADDED from src\main\AndroidManifest.xml:8:19-61
uses-permission#android.permission.ACCESS_NETWORK_STATE
ADDED from src\main\AndroidManifest.xml:9:4-77
	android:name
		ADDED from src\main\AndroidManifest.xml:9:21-75
uses-permission#android.permission.RECORD_AUDIO
ADDED from src\main\AndroidManifest.xml:10:4-70
	android:name
		ADDED from src\main\AndroidManifest.xml:10:21-67
uses-permission#android.permission.VIBRATE
ADDED from src\main\AndroidManifest.xml:11:4-65
	android:name
		ADDED from src\main\AndroidManifest.xml:11:21-62
supports-screens
ADDED from src\main\AndroidManifest.xml:13:4-17:10
	android:largeScreens
		ADDED from src\main\AndroidManifest.xml:15:8-35
	android:normalScreens
		ADDED from src\main\AndroidManifest.xml:14:8-36
	android:xlargeScreens
		ADDED from src\main\AndroidManifest.xml:16:8-36
application
ADDED from src\main\AndroidManifest.xml:19:5-84:19
	android:label
		ADDED from src\main\AndroidManifest.xml:21:9-41
	android:debuggable
		ADDED from src\main\AndroidManifest.xml:22:9-35
	android:icon
		ADDED from src\main\AndroidManifest.xml:20:9-48
activity#my.SoundBoard.Free.SoundBoardActivity
ADDED from src\main\AndroidManifest.xml:23:9-33:20
	android:screenOrientation
		ADDED from src\main\AndroidManifest.xml:26:13-49
	android:label
		ADDED from src\main\AndroidManifest.xml:25:13-45
	android:theme
		ADDED from src\main\AndroidManifest.xml:27:13-60
	android:name
		ADDED from src\main\AndroidManifest.xml:24:13-47
intent-filter#action:name:android.intent.action.MAIN+category:name:android.intent.category.LAUNCHER
ADDED from src\main\AndroidManifest.xml:28:13-32:29
action#android.intent.action.MAIN
ADDED from src\main\AndroidManifest.xml:29:17-69
	android:name
		ADDED from src\main\AndroidManifest.xml:29:25-66
category#android.intent.category.LAUNCHER
ADDED from src\main\AndroidManifest.xml:31:17-77
	android:name
		ADDED from src\main\AndroidManifest.xml:31:27-74
activity#my.SoundBoard.Free.PlayActivity
ADDED from src\main\AndroidManifest.xml:35:9-44:20
	android:screenOrientation
		ADDED from src\main\AndroidManifest.xml:38:13-49
	android:label
		ADDED from src\main\AndroidManifest.xml:37:13-50
	android:theme
		ADDED from src\main\AndroidManifest.xml:39:13-60
	android:name
		ADDED from src\main\AndroidManifest.xml:36:13-41
intent-filter#action:name:android.intent.action.MAIN
ADDED from src\main\AndroidManifest.xml:41:13-43:29
activity#my.SoundBoard.Free.EditActivity
ADDED from src\main\AndroidManifest.xml:46:9-54:20
	android:screenOrientation
		ADDED from src\main\AndroidManifest.xml:49:13-49
	android:label
		ADDED from src\main\AndroidManifest.xml:48:13-50
	android:theme
		ADDED from src\main\AndroidManifest.xml:50:13-60
	android:name
		ADDED from src\main\AndroidManifest.xml:47:13-41
activity#my.SoundBoard.Free.SnipperActivity
ADDED from src\main\AndroidManifest.xml:56:9-64:20
	android:screenOrientation
		ADDED from src\main\AndroidManifest.xml:59:13-49
	android:label
		ADDED from src\main\AndroidManifest.xml:58:13-50
	android:theme
		ADDED from src\main\AndroidManifest.xml:60:13-60
	android:name
		ADDED from src\main\AndroidManifest.xml:57:13-44
activity#my.SoundBoard.Free.sdBrowser
ADDED from src\main\AndroidManifest.xml:66:10-73:20
	android:label
		ADDED from src\main\AndroidManifest.xml:68:13-45
	android:theme
		ADDED from src\main\AndroidManifest.xml:69:13-60
	android:name
		ADDED from src\main\AndroidManifest.xml:67:13-38
service#my.SoundBoard.Free.FileBuilderService
ADDED from src\main\AndroidManifest.xml:75:10-78:25
	android:label
		ADDED from src\main\AndroidManifest.xml:76:14-46
	android:icon
		ADDED from src\main\AndroidManifest.xml:77:14-53
	android:name
		ADDED from src\main\AndroidManifest.xml:75:19-52
activity#com.google.ads.AdActivity
ADDED from src\main\AndroidManifest.xml:80:10-81:126
	android:configChanges
		ADDED from src\main\AndroidManifest.xml:81:15-124
	android:name
		ADDED from src\main\AndroidManifest.xml:80:20-60
uses-sdk
INJECTED from src\main\AndroidManifest.xml reason: use-sdk injection requested
INJECTED from src\main\AndroidManifest.xml
INJECTED from src\main\AndroidManifest.xml
INJECTED from src\main\AndroidManifest.xml
INJECTED from src\main\AndroidManifest.xml
	android:targetSdkVersion
		INJECTED from src\main\AndroidManifest.xml
		ADDED from src\main\AndroidManifest.xml
		INJECTED from src\main\AndroidManifest.xml
	android:minSdkVersion
		INJECTED from src\main\AndroidManifest.xml
		ADDED from src\main\AndroidManifest.xml
		INJECTED from src\main\AndroidManifest.xml